0 info it worked if it ends with ok
1 verbose cli [ '/usr/local/Cellar/node/7.0.0/bin/node',
1 verbose cli   '/usr/local/bin/npm',
1 verbose cli   'build',
1 verbose cli   'run' ]
2 info using npm@3.10.8
3 info using node@v7.0.0
4 verbose config Skipping project config: /Users/Stephanie/.npmrc. (matches userconfig)
5 info build /Users/Stephanie/projects/rpi-unicorn-leds/run
6 verbose stack Error: ENOENT: no such file or directory, open '/Users/Stephanie/projects/rpi-unicorn-leds/run/package.json'
7 verbose cwd /Users/Stephanie/projects/rpi-unicorn-leds
8 error Darwin 15.6.0
9 error argv "/usr/local/Cellar/node/7.0.0/bin/node" "/usr/local/bin/npm" "build" "run"
10 error node v7.0.0
11 error npm  v3.10.8
12 error path /Users/Stephanie/projects/rpi-unicorn-leds/run/package.json
13 error code ENOENT
14 error errno -2
15 error syscall open
16 error enoent ENOENT: no such file or directory, open '/Users/Stephanie/projects/rpi-unicorn-leds/run/package.json'
17 error enoent ENOENT: no such file or directory, open '/Users/Stephanie/projects/rpi-unicorn-leds/run/package.json'
17 error enoent This is most likely not a problem with npm itself
17 error enoent and is related to npm not being able to find a file.
18 verbose exit [ -2, true ]
